<?xml version="1.0" encoding="UTF-8"?>
<!-- Generated by org.testng.reporters.JUnitXMLReporter -->
<testsuite ignored="7" hostname="DESKTOP-IP4K28O" failures="0" tests="5" name="Test" time="0.064" errors="0" timestamp="2024-08-08T12:11:56 IST">
  <testcase classname="groupExecution.Test3" name="demo1" time="0.007"/>
  <testcase classname="groupExecution.Test1" name="demo1" time="0.001"/>
  <testcase classname="groupExecution.Test2" name="demo1" time="0.001"/>
  <testcase classname="groupExecution.Test2" name="demo2" time="0.002"/>
  <testcase classname="groupExecution.Test2" name="demo3" time="0.001"/>
  <testcase classname="groupExecution.Test4" name="demo3" time="0.0">
    <ignored/>
  </testcase> <!-- demo3 -->
  <testcase classname="groupExecution.Test1" name="demo3" time="0.0">
    <ignored/>
  </testcase> <!-- demo3 -->
  <testcase classname="groupExecution.Test3" name="demo3" time="0.0">
    <ignored/>
  </testcase> <!-- demo3 -->
  <testcase classname="groupExecution.Test1" name="demo2" time="0.0">
    <ignored/>
  </testcase> <!-- demo2 -->
  <testcase classname="groupExecution.Test4" name="demo2" time="0.0">
    <ignored/>
  </testcase> <!-- demo2 -->
  <testcase classname="groupExecution.Test3" name="demo2" time="0.0">
    <ignored/>
  </testcase> <!-- demo2 -->
  <testcase classname="groupExecution.Test4" name="demo1" time="0.0">
    <ignored/>
  </testcase> <!-- demo1 -->
</testsuite> <!-- Test -->
