<?xml version="1.0" encoding="UTF-8"?>
<testng-results ignored="0" total="1" passed="1" failed="0" skipped="0">
  <reporter-output>
    <line>
      <![CDATA[Hello World!]]>
    </line>
  </reporter-output>
  <suite started-at="2024-08-03T12:15:04 IST" name="Suite" finished-at="2024-08-03T12:15:04 IST" duration-ms="45">
    <groups>
    </groups>
    <test started-at="2024-08-03T12:15:04 IST" name="Test" finished-at="2024-08-03T12:15:04 IST" duration-ms="45">
      <class name="practice.SampleTest">
        <test-method signature="demo()[pri:0, instance:practice.SampleTest@223aa2f7]" started-at="2024-08-03T12:15:04 IST" name="demo" finished-at="2024-08-03T12:15:04 IST" duration-ms="11" status="PASS">
          <reporter-output>
            <line>
              <![CDATA[Hello World!]]>
            </line>
          </reporter-output>
        </test-method> <!-- demo -->
      </class> <!-- practice.SampleTest -->
    </test> <!-- Test -->
  </suite> <!-- Suite -->
</testng-results>
