<?xml version="1.0" encoding="UTF-8"?>
<testng-results ignored="0" total="1" passed="1" failed="0" skipped="0">
  <reporter-output>
  </reporter-output>
  <suite started-at="2024-08-10T12:16:03 IST" name="Default suite" finished-at="2024-08-10T12:16:29 IST" duration-ms="26307">
    <groups>
    </groups>
    <test started-at="2024-08-10T12:16:03 IST" name="Default test" finished-at="2024-08-10T12:16:29 IST" duration-ms="26307">
      <class name="testScripts.CreateCategoryTest">
        <test-method is-config="true" signature="classConfig()[pri:0, instance:testScripts.CreateCategoryTest@4f18837a]" started-at="2024-08-10T12:16:03 IST" name="classConfig" finished-at="2024-08-10T12:16:10 IST" duration-ms="7248" status="PASS">
          <reporter-output>
          </reporter-output>
        </test-method> <!-- classConfig -->
        <test-method is-config="true" signature="methodConfig()[pri:0, instance:testScripts.CreateCategoryTest@4f18837a]" started-at="2024-08-10T12:16:10 IST" name="methodConfig" finished-at="2024-08-10T12:16:21 IST" duration-ms="11276" status="PASS">
          <reporter-output>
          </reporter-output>
        </test-method> <!-- methodConfig -->
        <test-method signature="addCategoryTest()[pri:0, instance:testScripts.CreateCategoryTest@4f18837a]" started-at="2024-08-10T12:16:21 IST" name="addCategoryTest" finished-at="2024-08-10T12:16:25 IST" duration-ms="3837" status="PASS">
          <reporter-output>
          </reporter-output>
        </test-method> <!-- addCategoryTest -->
        <test-method is-config="true" signature="methodTeardown()[pri:0, instance:testScripts.CreateCategoryTest@4f18837a]" started-at="2024-08-10T12:16:25 IST" name="methodTeardown" finished-at="2024-08-10T12:16:28 IST" duration-ms="3007" status="PASS">
          <reporter-output>
          </reporter-output>
        </test-method> <!-- methodTeardown -->
        <test-method is-config="true" signature="classTeardown()[pri:0, instance:testScripts.CreateCategoryTest@4f18837a]" started-at="2024-08-10T12:16:28 IST" name="classTeardown" finished-at="2024-08-10T12:16:29 IST" duration-ms="886" status="PASS">
          <reporter-output>
          </reporter-output>
        </test-method> <!-- classTeardown -->
      </class> <!-- testScripts.CreateCategoryTest -->
    </test> <!-- Default test -->
  </suite> <!-- Default suite -->
</testng-results>
